# JRE version: Java(TM) SE Runtime Environment (8.0_66-b18) (build 1.8.0_66-b18)
# Java VM: Java HotSpot(TM) 64-Bit Server VM (25.66-b18 mixed mode windows-amd64 compressed oops)
Heap:
 PSYoungGen      total 123904K, used 112103K [0x00000000f5580000, 0x00000000fec80000, 0x0000000100000000)
  eden space 95232K, 96% used [0x00000000f5580000,0x00000000fafb4de8,0x00000000fb280000)
  from space 28672K, 68% used [0x00000000fd080000,0x00000000fe3c4ff8,0x00000000fec80000)
  to   space 29696K, 0% used [0x00000000fb280000,0x00000000fb280000,0x00000000fcf80000)
 ParOldGen       total 113664K, used 53845K [0x00000000e0000000, 0x00000000e6f00000, 0x00000000f5580000)
  object space 113664K, 47% used [0x00000000e0000000,0x00000000e3495660,0x00000000e6f00000)
 Metaspace       used 90562K, capacity 97948K, committed 98216K, reserved 1134592K
  class space    used 11155K, capacity 13462K, committed 13488K, reserved 1048576K
GC Heap History (10 events):
Event: 8.960 GC heap before
{Heap before GC invocations=15 (full 3):
 PSYoungGen      total 91136K, used 85520K [0x00000000f5580000, 0x00000000fd180000, 0x0000000100000000)
  eden space 70144K, 99% used [0x00000000f5580000,0x00000000f99ff148,0x00000000f9a00000)
  from space 20992K, 73% used [0x00000000f9a00000,0x00000000fa9050d8,0x00000000fae80000)
  to   space 21504K, 0% used [0x00000000fbc80000,0x00000000fbc80000,0x00000000fd180000)
 ParOldGen       total 113664K, used 43294K [0x00000000e0000000, 0x00000000e6f00000, 0x00000000f5580000)
  object space 113664K, 38% used [0x00000000e0000000,0x00000000e2a47820,0x00000000e6f00000)
 Metaspace       used 72605K, capacity 78712K, committed 78888K, reserved 1118208K
  class space    used 8844K, capacity 10697K, committed 10800K, reserved 1048576K
Event: 8.973 GC heap after
Heap after GC invocations=15 (full 3):
 PSYoungGen      total 101888K, used 21483K [0x00000000f5580000, 0x00000000fd680000, 0x0000000100000000)
  eden space 80384K, 0% used [0x00000000f5580000,0x00000000f5580000,0x00000000fa400000)
  from space 21504K, 99% used [0x00000000fbc80000,0x00000000fd17ac50,0x00000000fd180000)
  to   space 25088K, 0% used [0x00000000fa400000,0x00000000fa400000,0x00000000fbc80000)
 ParOldGen       total 113664K, used 45510K [0x00000000e0000000, 0x00000000e6f00000, 0x00000000f5580000)
  object space 113664K, 40% used [0x00000000e0000000,0x00000000e2c718f8,0x00000000e6f00000)
 Metaspace       used 72605K, capacity 78712K, committed 78888K, reserved 1118208K
  class space    used 8844K, capacity 10697K, committed 10800K, reserved 1048576K
}
Event: 28.324 GC heap before
{Heap before GC invocations=16 (full 3):
 PSYoungGen      total 101888K, used 101867K [0x00000000f5580000, 0x00000000fd680000, 0x0000000100000000)
  eden space 80384K, 100% used [0x00000000f5580000,0x00000000fa400000,0x00000000fa400000)
  from space 21504K, 99% used [0x00000000fbc80000,0x00000000fd17ac50,0x00000000fd180000)
  to   space 25088K, 0% used [0x00000000fa400000,0x00000000fa400000,0x00000000fbc80000)
 ParOldGen       total 113664K, used 45510K [0x00000000e0000000, 0x00000000e6f00000, 0x00000000f5580000)
  object space 113664K, 40% used [0x00000000e0000000,0x00000000e2c718f8,0x00000000e6f00000)
 Metaspace       used 80698K, capacity 87848K, committed 87976K, reserved 1124352K
  class space    used 9930K, capacity 12122K, committed 12208K, reserved 1048576K
Event: 28.337 GC heap after
Heap after GC invocations=16 (full 3):
 PSYoungGen      total 105472K, used 25085K [0x00000000f5580000, 0x00000000fe900000, 0x0000000100000000)
  eden space 80384K, 0% used [0x00000000f5580000,0x00000000f5580000,0x00000000fa400000)
  from space 25088K, 99% used [0x00000000fa400000,0x00000000fbc7f568,0x00000000fbc80000)
  to   space 29696K, 0% used [0x00000000fcc00000,0x00000000fcc00000,0x00000000fe900000)
 ParOldGen       total 113664K, used 47533K [0x00000000e0000000, 0x00000000e6f00000, 0x00000000f5580000)
  object space 113664K, 41% used [0x00000000e0000000,0x00000000e2e6b6b8,0x00000000e6f00000)
 Metaspace       used 80698K, capacity 87848K, committed 87976K, reserved 1124352K
  class space    used 9930K, capacity 12122K, committed 12208K, reserved 1048576K
}
Event: 74.587 GC heap before
{Heap before GC invocations=17 (full 3):
 PSYoungGen      total 105472K, used 105469K [0x00000000f5580000, 0x00000000fe900000, 0x0000000100000000)
  eden space 80384K, 100% used [0x00000000f5580000,0x00000000fa400000,0x00000000fa400000)
  from space 25088K, 99% used [0x00000000fa400000,0x00000000fbc7f568,0x00000000fbc80000)
  to   space 29696K, 0% used [0x00000000fcc00000,0x00000000fcc00000,0x00000000fe900000)
 ParOldGen       total 113664K, used 47533K [0x00000000e0000000, 0x00000000e6f00000, 0x00000000f5580000)
  object space 113664K, 41% used [0x00000000e0000000,0x00000000e2e6b6b8,0x00000000e6f00000)
 Metaspace       used 83367K, capacity 90560K, committed 90792K, reserved 1128448K
  class space    used 10245K, capacity 12417K, committed 12464K, reserved 1048576K
Event: 74.630 GC heap after
Heap after GC invocations=17 (full 3):
 PSYoungGen      total 116224K, used 17873K [0x00000000f5580000, 0x00000000fe680000, 0x0000000100000000)
  eden space 89088K, 0% used [0x00000000f5580000,0x00000000f5580000,0x00000000fac80000)
  from space 27136K, 65% used [0x00000000fcc00000,0x00000000fdd74570,0x00000000fe680000)
  to   space 29696K, 0% used [0x00000000fac80000,0x00000000fac80000,0x00000000fc980000)
 ParOldGen       total 113664K, used 53829K [0x00000000e0000000, 0x00000000e6f00000, 0x00000000f5580000)
  object space 113664K, 47% used [0x00000000e0000000,0x00000000e3491660,0x00000000e6f00000)
 Metaspace       used 83367K, capacity 90560K, committed 90792K, reserved 1128448K
  class space    used 10245K, capacity 12417K, committed 12464K, reserved 1048576K
}
Event: 119.126 GC heap before
{Heap before GC invocations=18 (full 3):
 PSYoungGen      total 116224K, used 106961K [0x00000000f5580000, 0x00000000fe680000, 0x0000000100000000)
  eden space 89088K, 100% used [0x00000000f5580000,0x00000000fac80000,0x00000000fac80000)
  from space 27136K, 65% used [0x00000000fcc00000,0x00000000fdd74570,0x00000000fe680000)
  to   space 29696K, 0% used [0x00000000fac80000,0x00000000fac80000,0x00000000fc980000)
 ParOldGen       total 113664K, used 53829K [0x00000000e0000000, 0x00000000e6f00000, 0x00000000f5580000)
  object space 113664K, 47% used [0x00000000e0000000,0x00000000e3491660,0x00000000e6f00000)
 Metaspace       used 84398K, capacity 91784K, committed 91944K, reserved 1128448K
  class space    used 10299K, capacity 12485K, committed 12592K, reserved 1048576K
Event: 119.135 GC heap after
Heap after GC invocations=18 (full 3):
 PSYoungGen      total 118784K, used 17332K [0x00000000f5580000, 0x00000000fed00000, 0x0000000100000000)
  eden space 89088K, 0% used [0x00000000f5580000,0x00000000f5580000,0x00000000fac80000)
  from space 29696K, 58% used [0x00000000fac80000,0x00000000fbd6d240,0x00000000fc980000)
  to   space 29184K, 0% used [0x00000000fd080000,0x00000000fd080000,0x00000000fed00000)
 ParOldGen       total 113664K, used 53837K [0x00000000e0000000, 0x00000000e6f00000, 0x00000000f5580000)
  object space 113664K, 47% used [0x00000000e0000000,0x00000000e3493660,0x00000000e6f00000)
 Metaspace       used 84398K, capacity 91784K, committed 91944K, reserved 1128448K
  class space    used 10299K, capacity 12485K, committed 12592K, reserved 1048576K
}
Event: 155.813 GC heap before
{Heap before GC invocations=19 (full 3):
 PSYoungGen      total 118784K, used 106420K [0x00000000f5580000, 0x00000000fed00000, 0x0000000100000000)
  eden space 89088K, 100% used [0x00000000f5580000,0x00000000fac80000,0x00000000fac80000)
  from space 29696K, 58% used [0x00000000fac80000,0x00000000fbd6d240,0x00000000fc980000)
  to   space 29184K, 0% used [0x00000000fd080000,0x00000000fd080000,0x00000000fed00000)
 ParOldGen       total 113664K, used 53837K [0x00000000e0000000, 0x00000000e6f00000, 0x00000000f5580000)
  object space 113664K, 47% used [0x00000000e0000000,0x00000000e3493660,0x00000000e6f00000)
 Metaspace       used 86547K, capacity 93704K, committed 93992K, reserved 1130496K
  class space    used 10570K, capacity 12780K, committed 12848K, reserved 1048576K
Event: 155.848 GC heap after
Heap after GC invocations=19 (full 3):
 PSYoungGen      total 123904K, used 19731K [0x00000000f5580000, 0x00000000fec80000, 0x0000000100000000)
  eden space 95232K, 0% used [0x00000000f5580000,0x00000000f5580000,0x00000000fb280000)
  from space 28672K, 68% used [0x00000000fd080000,0x00000000fe3c4ff8,0x00000000fec80000)
  to   space 29696K, 0% used [0x00000000fb280000,0x00000000fb280000,0x00000000fcf80000)
 ParOldGen       total 113664K, used 53845K [0x00000000e0000000, 0x00000000e6f00000, 0x00000000f5580000)
  object space 113664K, 47% used [0x00000000e0000000,0x00000000e3495660,0x00000000e6f00000)
 Metaspace       used 86547K, capacity 93704K, committed 93992K, reserved 1130496K
  class space    used 10570K, capacity 12780K, committed 12848K, reserved 1048576K
}

