# JRE version: Java(TM) SE Runtime Environment (8.0_66-b18) (build 1.8.0_66-b18)
# Java VM: Java HotSpot(TM) 64-Bit Server VM (25.66-b18 mixed mode windows-amd64 compressed oops)
Heap:
 PSYoungGen      total 130048K, used 100464K [0x00000000f5580000, 0x00000000ff300000, 0x0000000100000000)
  eden space 100864K, 81% used [0x00000000f5580000,0x00000000fa6419a0,0x00000000fb800000)
  from space 29184K, 60% used [0x00000000fd680000,0x00000000fe7da698,0x00000000ff300000)
  to   space 30208K, 0% used [0x00000000fb800000,0x00000000fb800000,0x00000000fd580000)
 ParOldGen       total 110080K, used 54157K [0x00000000e0000000, 0x00000000e6b80000, 0x00000000f5580000)
  object space 110080K, 49% used [0x00000000e0000000,0x00000000e34e3440,0x00000000e6b80000)
 Metaspace       used 98790K, capacity 106366K, committed 106624K, reserved 1140736K
  class space    used 12231K, capacity 14654K, committed 14720K, reserved 1048576K
GC Heap History (10 events):
Event: 91.839 GC heap before
{Heap before GC invocations=22 (full 4):
 PSYoungGen      total 117760K, used 88576K [0x00000000f5580000, 0x00000000fea00000, 0x0000000100000000)
  eden space 88576K, 100% used [0x00000000f5580000,0x00000000fac00000,0x00000000fac00000)
  from space 29184K, 0% used [0x00000000fac00000,0x00000000fac00000,0x00000000fc880000)
  to   space 30208K, 0% used [0x00000000fcc80000,0x00000000fcc80000,0x00000000fea00000)
 ParOldGen       total 110080K, used 54125K [0x00000000e0000000, 0x00000000e6b80000, 0x00000000f5580000)
  object space 110080K, 49% used [0x00000000e0000000,0x00000000e34db440,0x00000000e6b80000)
 Metaspace       used 84513K, capacity 91374K, committed 91520K, reserved 1128448K
  class space    used 10202K, capacity 12380K, committed 12416K, reserved 1048576K
Event: 91.850 GC heap after
Heap after GC invocations=22 (full 4):
 PSYoungGen      total 121344K, used 3748K [0x00000000f5580000, 0x00000000fee80000, 0x0000000100000000)
  eden space 91136K, 0% used [0x00000000f5580000,0x00000000f5580000,0x00000000fae80000)
  from space 30208K, 12% used [0x00000000fcc80000,0x00000000fd029140,0x00000000fea00000)
  to   space 30720K, 0% used [0x00000000fae80000,0x00000000fae80000,0x00000000fcc80000)
 ParOldGen       total 110080K, used 54133K [0x00000000e0000000, 0x00000000e6b80000, 0x00000000f5580000)
  object space 110080K, 49% used [0x00000000e0000000,0x00000000e34dd440,0x00000000e6b80000)
 Metaspace       used 84513K, capacity 91374K, committed 91520K, reserved 1128448K
  class space    used 10202K, capacity 12380K, committed 12416K, reserved 1048576K
}
Event: 92.042 GC heap before
{Heap before GC invocations=23 (full 4):
 PSYoungGen      total 121344K, used 94884K [0x00000000f5580000, 0x00000000fee80000, 0x0000000100000000)
  eden space 91136K, 100% used [0x00000000f5580000,0x00000000fae80000,0x00000000fae80000)
  from space 30208K, 12% used [0x00000000fcc80000,0x00000000fd029140,0x00000000fea00000)
  to   space 30720K, 0% used [0x00000000fae80000,0x00000000fae80000,0x00000000fcc80000)
 ParOldGen       total 110080K, used 54133K [0x00000000e0000000, 0x00000000e6b80000, 0x00000000f5580000)
  object space 110080K, 49% used [0x00000000e0000000,0x00000000e34dd440,0x00000000e6b80000)
 Metaspace       used 84516K, capacity 91374K, committed 91520K, reserved 1128448K
  class space    used 10202K, capacity 12380K, committed 12416K, reserved 1048576K
Event: 92.045 GC heap after
Heap after GC invocations=23 (full 4):
 PSYoungGen      total 121856K, used 1975K [0x00000000f5580000, 0x00000000ff280000, 0x0000000100000000)
  eden space 91136K, 0% used [0x00000000f5580000,0x00000000f5580000,0x00000000fae80000)
  from space 30720K, 6% used [0x00000000fae80000,0x00000000fb06dc70,0x00000000fcc80000)
  to   space 31232K, 0% used [0x00000000fd400000,0x00000000fd400000,0x00000000ff280000)
 ParOldGen       total 110080K, used 54133K [0x00000000e0000000, 0x00000000e6b80000, 0x00000000f5580000)
  object space 110080K, 49% used [0x00000000e0000000,0x00000000e34dd440,0x00000000e6b80000)
 Metaspace       used 84516K, capacity 91374K, committed 91520K, reserved 1128448K
  class space    used 10202K, capacity 12380K, committed 12416K, reserved 1048576K
}
Event: 146.474 GC heap before
{Heap before GC invocations=24 (full 4):
 PSYoungGen      total 121856K, used 93111K [0x00000000f5580000, 0x00000000ff280000, 0x0000000100000000)
  eden space 91136K, 100% used [0x00000000f5580000,0x00000000fae80000,0x00000000fae80000)
  from space 30720K, 6% used [0x00000000fae80000,0x00000000fb06dc70,0x00000000fcc80000)
  to   space 31232K, 0% used [0x00000000fd400000,0x00000000fd400000,0x00000000ff280000)
 ParOldGen       total 110080K, used 54133K [0x00000000e0000000, 0x00000000e6b80000, 0x00000000f5580000)
  object space 110080K, 49% used [0x00000000e0000000,0x00000000e34dd440,0x00000000e6b80000)
 Metaspace       used 87767K, capacity 95418K, committed 95616K, reserved 1132544K
  class space    used 10624K, capacity 13071K, committed 13184K, reserved 1048576K
Event: 146.479 GC heap after
Heap after GC invocations=24 (full 4):
 PSYoungGen      total 124416K, used 7071K [0x00000000f5580000, 0x00000000fef00000, 0x0000000100000000)
  eden space 96768K, 0% used [0x00000000f5580000,0x00000000f5580000,0x00000000fb400000)
  from space 27648K, 25% used [0x00000000fd400000,0x00000000fdae7e20,0x00000000fef00000)
  to   space 30208K, 0% used [0x00000000fb400000,0x00000000fb400000,0x00000000fd180000)
 ParOldGen       total 110080K, used 54141K [0x00000000e0000000, 0x00000000e6b80000, 0x00000000f5580000)
  object space 110080K, 49% used [0x00000000e0000000,0x00000000e34df440,0x00000000e6b80000)
 Metaspace       used 87767K, capacity 95418K, committed 95616K, reserved 1132544K
  class space    used 10624K, capacity 13071K, committed 13184K, reserved 1048576K
}
Event: 154.851 GC heap before
{Heap before GC invocations=25 (full 4):
 PSYoungGen      total 124416K, used 103839K [0x00000000f5580000, 0x00000000fef00000, 0x0000000100000000)
  eden space 96768K, 100% used [0x00000000f5580000,0x00000000fb400000,0x00000000fb400000)
  from space 27648K, 25% used [0x00000000fd400000,0x00000000fdae7e20,0x00000000fef00000)
  to   space 30208K, 0% used [0x00000000fb400000,0x00000000fb400000,0x00000000fd180000)
 ParOldGen       total 110080K, used 54141K [0x00000000e0000000, 0x00000000e6b80000, 0x00000000f5580000)
  object space 110080K, 49% used [0x00000000e0000000,0x00000000e34df440,0x00000000e6b80000)
 Metaspace       used 95478K, capacity 103316K, committed 103680K, reserved 1138688K
  class space    used 11856K, capacity 14225K, committed 14336K, reserved 1048576K
Event: 154.860 GC heap after
Heap after GC invocations=25 (full 4):
 PSYoungGen      total 126976K, used 16408K [0x00000000f5580000, 0x00000000ff400000, 0x0000000100000000)
  eden space 96768K, 0% used [0x00000000f5580000,0x00000000f5580000,0x00000000fb400000)
  from space 30208K, 54% used [0x00000000fb400000,0x00000000fc406238,0x00000000fd180000)
  to   space 30208K, 0% used [0x00000000fd680000,0x00000000fd680000,0x00000000ff400000)
 ParOldGen       total 110080K, used 54149K [0x00000000e0000000, 0x00000000e6b80000, 0x00000000f5580000)
  object space 110080K, 49% used [0x00000000e0000000,0x00000000e34e1440,0x00000000e6b80000)
 Metaspace       used 95478K, capacity 103316K, committed 103680K, reserved 1138688K
  class space    used 11856K, capacity 14225K, committed 14336K, reserved 1048576K
}
Event: 193.441 GC heap before
{Heap before GC invocations=26 (full 4):
 PSYoungGen      total 126976K, used 113176K [0x00000000f5580000, 0x00000000ff400000, 0x0000000100000000)
  eden space 96768K, 100% used [0x00000000f5580000,0x00000000fb400000,0x00000000fb400000)
  from space 30208K, 54% used [0x00000000fb400000,0x00000000fc406238,0x00000000fd180000)
  to   space 30208K, 0% used [0x00000000fd680000,0x00000000fd680000,0x00000000ff400000)
 ParOldGen       total 110080K, used 54149K [0x00000000e0000000, 0x00000000e6b80000, 0x00000000f5580000)
  object space 110080K, 49% used [0x00000000e0000000,0x00000000e34e1440,0x00000000e6b80000)
 Metaspace       used 97262K, capacity 105126K, committed 105216K, reserved 1140736K
  class space    used 12092K, capacity 14550K, committed 14592K, reserved 1048576K
Event: 193.473 GC heap after
Heap after GC invocations=26 (full 4):
 PSYoungGen      total 130048K, used 17769K [0x00000000f5580000, 0x00000000ff300000, 0x0000000100000000)
  eden space 100864K, 0% used [0x00000000f5580000,0x00000000f5580000,0x00000000fb800000)
  from space 29184K, 60% used [0x00000000fd680000,0x00000000fe7da698,0x00000000ff300000)
  to   space 30208K, 0% used [0x00000000fb800000,0x00000000fb800000,0x00000000fd580000)
 ParOldGen       total 110080K, used 54157K [0x00000000e0000000, 0x00000000e6b80000, 0x00000000f5580000)
  object space 110080K, 49% used [0x00000000e0000000,0x00000000e34e3440,0x00000000e6b80000)
 Metaspace       used 97262K, capacity 105126K, committed 105216K, reserved 1140736K
  class space    used 12092K, capacity 14550K, committed 14592K, reserved 1048576K
}

