# JRE version: Java(TM) SE Runtime Environment (8.0_66-b18) (build 1.8.0_66-b18)
# Java VM: Java HotSpot(TM) 64-Bit Server VM (25.66-b18 mixed mode windows-amd64 compressed oops)
Heap:
 PSYoungGen      total 95232K, used 57632K [0x00000000f5580000, 0x00000000fd880000, 0x0000000100000000)
  eden space 67584K, 49% used [0x00000000f5580000,0x00000000f763cee0,0x00000000f9780000)
  from space 27648K, 87% used [0x00000000f9780000,0x00000000faf0b3f0,0x00000000fb280000)
  to   space 30208K, 0% used [0x00000000fbb00000,0x00000000fbb00000,0x00000000fd880000)
 ParOldGen       total 119808K, used 45167K [0x00000000e0000000, 0x00000000e7500000, 0x00000000f5580000)
  object space 119808K, 37% used [0x00000000e0000000,0x00000000e2c1be08,0x00000000e7500000)
 Metaspace       used 82648K, capacity 90106K, committed 90408K, reserved 1126400K
  class space    used 10136K, capacity 12477K, committed 12592K, reserved 1048576K
GC Heap History (10 events):
Event: 4.223 GC heap before
{Heap before GC invocations=12 (full 3):
 PSYoungGen      total 75264K, used 18210K [0x00000000f5580000, 0x00000000fbf00000, 0x0000000100000000)
  eden space 56320K, 0% used [0x00000000f5580000,0x00000000f5580000,0x00000000f8c80000)
  from space 18944K, 96% used [0x00000000f8c80000,0x00000000f9e48be0,0x00000000f9f00000)
  to   space 21504K, 0% used [0x00000000faa00000,0x00000000faa00000,0x00000000fbf00000)
 ParOldGen       total 84992K, used 30403K [0x00000000e0000000, 0x00000000e5300000, 0x00000000f5580000)
  object space 84992K, 35% used [0x00000000e0000000,0x00000000e1db0ea0,0x00000000e5300000)
 Metaspace       used 54545K, capacity 59006K, committed 59160K, reserved 1101824K
  class space    used 6388K, capacity 7785K, committed 7856K, reserved 1048576K
Event: 4.371 GC heap after
Heap after GC invocations=12 (full 3):
 PSYoungGen      total 75264K, used 0K [0x00000000f5580000, 0x00000000fbf00000, 0x0000000100000000)
  eden space 56320K, 0% used [0x00000000f5580000,0x00000000f5580000,0x00000000f8c80000)
  from space 18944K, 0% used [0x00000000f8c80000,0x00000000f8c80000,0x00000000f9f00000)
  to   space 21504K, 0% used [0x00000000faa00000,0x00000000faa00000,0x00000000fbf00000)
 ParOldGen       total 119808K, used 43050K [0x00000000e0000000, 0x00000000e7500000, 0x00000000f5580000)
  object space 119808K, 35% used [0x00000000e0000000,0x00000000e2a0a838,0x00000000e7500000)
 Metaspace       used 54545K, capacity 59006K, committed 59160K, reserved 1101824K
  class space    used 6388K, capacity 7785K, committed 7856K, reserved 1048576K
}
Event: 5.561 GC heap before
{Heap before GC invocations=13 (full 3):
 PSYoungGen      total 75264K, used 56320K [0x00000000f5580000, 0x00000000fbf00000, 0x0000000100000000)
  eden space 56320K, 100% used [0x00000000f5580000,0x00000000f8c80000,0x00000000f8c80000)
  from space 18944K, 0% used [0x00000000f8c80000,0x00000000f8c80000,0x00000000f9f00000)
  to   space 21504K, 0% used [0x00000000faa00000,0x00000000faa00000,0x00000000fbf00000)
 ParOldGen       total 119808K, used 43050K [0x00000000e0000000, 0x00000000e7500000, 0x00000000f5580000)
  object space 119808K, 35% used [0x00000000e0000000,0x00000000e2a0a838,0x00000000e7500000)
 Metaspace       used 65997K, capacity 71512K, committed 71592K, reserved 1112064K
  class space    used 7992K, capacity 9618K, committed 9648K, reserved 1048576K
Event: 5.573 GC heap after
Heap after GC invocations=13 (full 3):
 PSYoungGen      total 84480K, used 16347K [0x00000000f5580000, 0x00000000fbf00000, 0x0000000100000000)
  eden space 62976K, 0% used [0x00000000f5580000,0x00000000f5580000,0x00000000f9300000)
  from space 21504K, 76% used [0x00000000faa00000,0x00000000fb9f6c40,0x00000000fbf00000)
  to   space 22528K, 0% used [0x00000000f9300000,0x00000000f9300000,0x00000000fa900000)
 ParOldGen       total 119808K, used 43058K [0x00000000e0000000, 0x00000000e7500000, 0x00000000f5580000)
  object space 119808K, 35% used [0x00000000e0000000,0x00000000e2a0c838,0x00000000e7500000)
 Metaspace       used 65997K, capacity 71512K, committed 71592K, reserved 1112064K
  class space    used 7992K, capacity 9618K, committed 9648K, reserved 1048576K
}
Event: 5.861 GC heap before
{Heap before GC invocations=14 (full 3):
 PSYoungGen      total 84480K, used 79323K [0x00000000f5580000, 0x00000000fbf00000, 0x0000000100000000)
  eden space 62976K, 100% used [0x00000000f5580000,0x00000000f9300000,0x00000000f9300000)
  from space 21504K, 76% used [0x00000000faa00000,0x00000000fb9f6c40,0x00000000fbf00000)
  to   space 22528K, 0% used [0x00000000f9300000,0x00000000f9300000,0x00000000fa900000)
 ParOldGen       total 119808K, used 43058K [0x00000000e0000000, 0x00000000e7500000, 0x00000000f5580000)
  object space 119808K, 35% used [0x00000000e0000000,0x00000000e2a0c838,0x00000000e7500000)
 Metaspace       used 69706K, capacity 75582K, committed 75688K, reserved 1114112K
  class space    used 8479K, capacity 10319K, committed 10416K, reserved 1048576K
Event: 5.869 GC heap after
Heap after GC invocations=14 (full 3):
 PSYoungGen      total 85504K, used 17007K [0x00000000f5580000, 0x00000000fc980000, 0x0000000100000000)
  eden space 62976K, 0% used [0x00000000f5580000,0x00000000f5580000,0x00000000f9300000)
  from space 22528K, 75% used [0x00000000f9300000,0x00000000fa39bec0,0x00000000fa900000)
  to   space 23552K, 0% used [0x00000000fb280000,0x00000000fb280000,0x00000000fc980000)
 ParOldGen       total 119808K, used 43066K [0x00000000e0000000, 0x00000000e7500000, 0x00000000f5580000)
  object space 119808K, 35% used [0x00000000e0000000,0x00000000e2a0e838,0x00000000e7500000)
 Metaspace       used 69706K, capacity 75582K, committed 75688K, reserved 1114112K
  class space    used 8479K, capacity 10319K, committed 10416K, reserved 1048576K
}
Event: 82.676 GC heap before
{Heap before GC invocations=15 (full 3):
 PSYoungGen      total 85504K, used 79983K [0x00000000f5580000, 0x00000000fc980000, 0x0000000100000000)
  eden space 62976K, 100% used [0x00000000f5580000,0x00000000f9300000,0x00000000f9300000)
  from space 22528K, 75% used [0x00000000f9300000,0x00000000fa39bec0,0x00000000fa900000)
  to   space 23552K, 0% used [0x00000000fb280000,0x00000000fb280000,0x00000000fc980000)
 ParOldGen       total 119808K, used 43066K [0x00000000e0000000, 0x00000000e7500000, 0x00000000f5580000)
  object space 119808K, 35% used [0x00000000e0000000,0x00000000e2a0e838,0x00000000e7500000)
 Metaspace       used 77609K, capacity 84934K, committed 85160K, reserved 1122304K
  class space    used 9542K, capacity 11634K, committed 11696K, reserved 1048576K
Event: 82.689 GC heap after
Heap after GC invocations=15 (full 3):
 PSYoungGen      total 91136K, used 23549K [0x00000000f5580000, 0x00000000fd000000, 0x0000000100000000)
  eden space 67584K, 0% used [0x00000000f5580000,0x00000000f5580000,0x00000000f9780000)
  from space 23552K, 99% used [0x00000000fb280000,0x00000000fc97f4b0,0x00000000fc980000)
  to   space 27648K, 0% used [0x00000000f9780000,0x00000000f9780000,0x00000000fb280000)
 ParOldGen       total 119808K, used 45159K [0x00000000e0000000, 0x00000000e7500000, 0x00000000f5580000)
  object space 119808K, 37% used [0x00000000e0000000,0x00000000e2c19e08,0x00000000e7500000)
 Metaspace       used 77609K, capacity 84934K, committed 85160K, reserved 1122304K
  class space    used 9542K, capacity 11634K, committed 11696K, reserved 1048576K
}
Event: 124.371 GC heap before
{Heap before GC invocations=16 (full 3):
 PSYoungGen      total 91136K, used 91133K [0x00000000f5580000, 0x00000000fd000000, 0x0000000100000000)
  eden space 67584K, 100% used [0x00000000f5580000,0x00000000f9780000,0x00000000f9780000)
  from space 23552K, 99% used [0x00000000fb280000,0x00000000fc97f4b0,0x00000000fc980000)
  to   space 27648K, 0% used [0x00000000f9780000,0x00000000f9780000,0x00000000fb280000)
 ParOldGen       total 119808K, used 45159K [0x00000000e0000000, 0x00000000e7500000, 0x00000000f5580000)
  object space 119808K, 37% used [0x00000000e0000000,0x00000000e2c19e08,0x00000000e7500000)
 Metaspace       used 81268K, capacity 88594K, committed 88872K, reserved 1126400K
  class space    used 9995K, capacity 12249K, committed 12336K, reserved 1048576K
Event: 124.380 GC heap after
Heap after GC invocations=16 (full 3):
 PSYoungGen      total 95232K, used 24108K [0x00000000f5580000, 0x00000000fd880000, 0x0000000100000000)
  eden space 67584K, 0% used [0x00000000f5580000,0x00000000f5580000,0x00000000f9780000)
  from space 27648K, 87% used [0x00000000f9780000,0x00000000faf0b3f0,0x00000000fb280000)
  to   space 30208K, 0% used [0x00000000fbb00000,0x00000000fbb00000,0x00000000fd880000)
 ParOldGen       total 119808K, used 45167K [0x00000000e0000000, 0x00000000e7500000, 0x00000000f5580000)
  object space 119808K, 37% used [0x00000000e0000000,0x00000000e2c1be08,0x00000000e7500000)
 Metaspace       used 81268K, capacity 88594K, committed 88872K, reserved 1126400K
  class space    used 9995K, capacity 12249K, committed 12336K, reserved 1048576K
}

