# JRE version: Java(TM) SE Runtime Environment (8.0_66-b18) (build 1.8.0_66-b18)
# Java VM: Java HotSpot(TM) 64-Bit Server VM (25.66-b18 mixed mode windows-amd64 compressed oops)
Heap:
 PSYoungGen      total 97792K, used 93943K [0x00000000f5580000, 0x00000000fdd00000, 0x0000000100000000)
  eden space 73216K, 94% used [0x00000000f5580000,0x00000000f9942838,0x00000000f9d00000)
  from space 24576K, 99% used [0x00000000f9d00000,0x00000000fb4fb578,0x00000000fb500000)
  to   space 27648K, 0% used [0x00000000fc200000,0x00000000fc200000,0x00000000fdd00000)
 ParOldGen       total 113664K, used 37992K [0x00000000e0000000, 0x00000000e6f00000, 0x00000000f5580000)
  object space 113664K, 33% used [0x00000000e0000000,0x00000000e251a1d8,0x00000000e6f00000)
 Metaspace       used 82746K, capacity 89994K, committed 90136K, reserved 1126400K
  class space    used 10122K, capacity 12501K, committed 12592K, reserved 1048576K
GC Heap History (10 events):
Event: 3.681 GC heap before
{Heap before GC invocations=12 (full 2):
 PSYoungGen      total 73728K, used 24394K [0x00000000f5580000, 0x00000000fbf00000, 0x0000000100000000)
  eden space 54784K, 10% used [0x00000000f5580000,0x00000000f5ada5b0,0x00000000f8b00000)
  from space 18944K, 99% used [0x00000000f8b00000,0x00000000f9d783b0,0x00000000f9d80000)
  to   space 22528K, 0% used [0x00000000fa900000,0x00000000fa900000,0x00000000fbf00000)
 ParOldGen       total 84992K, used 30521K [0x00000000e0000000, 0x00000000e5300000, 0x00000000f5580000)
  object space 84992K, 35% used [0x00000000e0000000,0x00000000e1dce438,0x00000000e5300000)
 Metaspace       used 54711K, capacity 59072K, committed 59160K, reserved 1101824K
  class space    used 6391K, capacity 7707K, committed 7728K, reserved 1048576K
Event: 3.687 GC heap after
Heap after GC invocations=12 (full 2):
 PSYoungGen      total 85504K, used 13171K [0x00000000f5580000, 0x00000000fc300000, 0x0000000100000000)
  eden space 62976K, 0% used [0x00000000f5580000,0x00000000f5580000,0x00000000f9300000)
  from space 22528K, 58% used [0x00000000fa900000,0x00000000fb5dce98,0x00000000fbf00000)
  to   space 22528K, 0% used [0x00000000f9300000,0x00000000f9300000,0x00000000fa900000)
 ParOldGen       total 84992K, used 30529K [0x00000000e0000000, 0x00000000e5300000, 0x00000000f5580000)
  object space 84992K, 35% used [0x00000000e0000000,0x00000000e1dd0438,0x00000000e5300000)
 Metaspace       used 54711K, capacity 59072K, committed 59160K, reserved 1101824K
  class space    used 6391K, capacity 7707K, committed 7728K, reserved 1048576K
}
Event: 3.687 GC heap before
{Heap before GC invocations=13 (full 3):
 PSYoungGen      total 85504K, used 13171K [0x00000000f5580000, 0x00000000fc300000, 0x0000000100000000)
  eden space 62976K, 0% used [0x00000000f5580000,0x00000000f5580000,0x00000000f9300000)
  from space 22528K, 58% used [0x00000000fa900000,0x00000000fb5dce98,0x00000000fbf00000)
  to   space 22528K, 0% used [0x00000000f9300000,0x00000000f9300000,0x00000000fa900000)
 ParOldGen       total 84992K, used 30529K [0x00000000e0000000, 0x00000000e5300000, 0x00000000f5580000)
  object space 84992K, 35% used [0x00000000e0000000,0x00000000e1dd0438,0x00000000e5300000)
 Metaspace       used 54711K, capacity 59072K, committed 59160K, reserved 1101824K
  class space    used 6391K, capacity 7707K, committed 7728K, reserved 1048576K
Event: 3.823 GC heap after
Heap after GC invocations=13 (full 3):
 PSYoungGen      total 85504K, used 0K [0x00000000f5580000, 0x00000000fc300000, 0x0000000100000000)
  eden space 62976K, 0% used [0x00000000f5580000,0x00000000f5580000,0x00000000f9300000)
  from space 22528K, 0% used [0x00000000fa900000,0x00000000fa900000,0x00000000fbf00000)
  to   space 22528K, 0% used [0x00000000f9300000,0x00000000f9300000,0x00000000fa900000)
 ParOldGen       total 113664K, used 37633K [0x00000000e0000000, 0x00000000e6f00000, 0x00000000f5580000)
  object space 113664K, 33% used [0x00000000e0000000,0x00000000e24c07b8,0x00000000e6f00000)
 Metaspace       used 54711K, capacity 59072K, committed 59160K, reserved 1101824K
  class space    used 6391K, capacity 7707K, committed 7728K, reserved 1048576K
}
Event: 5.094 GC heap before
{Heap before GC invocations=14 (full 3):
 PSYoungGen      total 85504K, used 62976K [0x00000000f5580000, 0x00000000fc300000, 0x0000000100000000)
  eden space 62976K, 100% used [0x00000000f5580000,0x00000000f9300000,0x00000000f9300000)
  from space 22528K, 0% used [0x00000000fa900000,0x00000000fa900000,0x00000000fbf00000)
  to   space 22528K, 0% used [0x00000000f9300000,0x00000000f9300000,0x00000000fa900000)
 ParOldGen       total 113664K, used 37633K [0x00000000e0000000, 0x00000000e6f00000, 0x00000000f5580000)
  object space 113664K, 33% used [0x00000000e0000000,0x00000000e24c07b8,0x00000000e6f00000)
 Metaspace       used 67584K, capacity 73250K, committed 73368K, reserved 1112064K
  class space    used 8202K, capacity 9807K, committed 9904K, reserved 1048576K
Event: 5.101 GC heap after
Heap after GC invocations=14 (full 3):
 PSYoungGen      total 85504K, used 17024K [0x00000000f5580000, 0x00000000fcc00000, 0x0000000100000000)
  eden space 62976K, 0% used [0x00000000f5580000,0x00000000f5580000,0x00000000f9300000)
  from space 22528K, 75% used [0x00000000f9300000,0x00000000fa3a03b8,0x00000000fa900000)
  to   space 23552K, 0% used [0x00000000fb500000,0x00000000fb500000,0x00000000fcc00000)
 ParOldGen       total 113664K, used 37641K [0x00000000e0000000, 0x00000000e6f00000, 0x00000000f5580000)
  object space 113664K, 33% used [0x00000000e0000000,0x00000000e24c27b8,0x00000000e6f00000)
 Metaspace       used 67584K, capacity 73250K, committed 73368K, reserved 1112064K
  class space    used 8202K, capacity 9807K, committed 9904K, reserved 1048576K
}
Event: 5.490 GC heap before
{Heap before GC invocations=15 (full 3):
 PSYoungGen      total 85504K, used 80000K [0x00000000f5580000, 0x00000000fcc00000, 0x0000000100000000)
  eden space 62976K, 100% used [0x00000000f5580000,0x00000000f9300000,0x00000000f9300000)
  from space 22528K, 75% used [0x00000000f9300000,0x00000000fa3a03b8,0x00000000fa900000)
  to   space 23552K, 0% used [0x00000000fb500000,0x00000000fb500000,0x00000000fcc00000)
 ParOldGen       total 113664K, used 37641K [0x00000000e0000000, 0x00000000e6f00000, 0x00000000f5580000)
  object space 113664K, 33% used [0x00000000e0000000,0x00000000e24c27b8,0x00000000e6f00000)
 Metaspace       used 71891K, capacity 78048K, committed 78232K, reserved 1116160K
  class space    used 8763K, capacity 10603K, committed 10672K, reserved 1048576K
Event: 5.499 GC heap after
Heap after GC invocations=15 (full 3):
 PSYoungGen      total 96768K, used 17268K [0x00000000f5580000, 0x00000000fcd80000, 0x0000000100000000)
  eden space 73216K, 0% used [0x00000000f5580000,0x00000000f5580000,0x00000000f9d00000)
  from space 23552K, 73% used [0x00000000fb500000,0x00000000fc5dd198,0x00000000fcc00000)
  to   space 24576K, 0% used [0x00000000f9d00000,0x00000000f9d00000,0x00000000fb500000)
 ParOldGen       total 113664K, used 37649K [0x00000000e0000000, 0x00000000e6f00000, 0x00000000f5580000)
  object space 113664K, 33% used [0x00000000e0000000,0x00000000e24c47b8,0x00000000e6f00000)
 Metaspace       used 71891K, capacity 78048K, committed 78232K, reserved 1116160K
  class space    used 8763K, capacity 10603K, committed 10672K, reserved 1048576K
}
Event: 24.797 GC heap before
{Heap before GC invocations=16 (full 3):
 PSYoungGen      total 96768K, used 90484K [0x00000000f5580000, 0x00000000fcd80000, 0x0000000100000000)
  eden space 73216K, 100% used [0x00000000f5580000,0x00000000f9d00000,0x00000000f9d00000)
  from space 23552K, 73% used [0x00000000fb500000,0x00000000fc5dd198,0x00000000fcc00000)
  to   space 24576K, 0% used [0x00000000f9d00000,0x00000000f9d00000,0x00000000fb500000)
 ParOldGen       total 113664K, used 37649K [0x00000000e0000000, 0x00000000e6f00000, 0x00000000f5580000)
  object space 113664K, 33% used [0x00000000e0000000,0x00000000e24c47b8,0x00000000e6f00000)
 Metaspace       used 79421K, capacity 86698K, committed 86936K, reserved 1124352K
  class space    used 9751K, capacity 11920K, committed 11952K, reserved 1048576K
Event: 24.807 GC heap after
Heap after GC invocations=16 (full 3):
 PSYoungGen      total 97792K, used 24557K [0x00000000f5580000, 0x00000000fdd00000, 0x0000000100000000)
  eden space 73216K, 0% used [0x00000000f5580000,0x00000000f5580000,0x00000000f9d00000)
  from space 24576K, 99% used [0x00000000f9d00000,0x00000000fb4fb578,0x00000000fb500000)
  to   space 27648K, 0% used [0x00000000fc200000,0x00000000fc200000,0x00000000fdd00000)
 ParOldGen       total 113664K, used 37992K [0x00000000e0000000, 0x00000000e6f00000, 0x00000000f5580000)
  object space 113664K, 33% used [0x00000000e0000000,0x00000000e251a1d8,0x00000000e6f00000)
 Metaspace       used 79421K, capacity 86698K, committed 86936K, reserved 1124352K
  class space    used 9751K, capacity 11920K, committed 11952K, reserved 1048576K
}

