# JRE version: Java(TM) SE Runtime Environment (8.0_66-b18) (build 1.8.0_66-b18)
# Java VM: Java HotSpot(TM) 64-Bit Server VM (25.66-b18 mixed mode windows-amd64 compressed oops)
Heap:
 PSYoungGen      total 88576K, used 35292K [0x00000000f5580000, 0x00000000fde80000, 0x0000000100000000)
  eden space 66560K, 20% used [0x00000000f5580000,0x00000000f62f5b18,0x00000000f9680000)
  from space 22016K, 97% used [0x00000000f9800000,0x00000000fad01600,0x00000000fad80000)
  to   space 36864K, 0% used [0x00000000fba80000,0x00000000fba80000,0x00000000fde80000)
 ParOldGen       total 121344K, used 46174K [0x00000000e0000000, 0x00000000e7680000, 0x00000000f5580000)
  object space 121344K, 38% used [0x00000000e0000000,0x00000000e2d17bb0,0x00000000e7680000)
 Metaspace       used 87030K, capacity 94466K, committed 94744K, reserved 1130496K
  class space    used 10588K, capacity 13031K, committed 13104K, reserved 1048576K
GC Heap History (10 events):
Event: 51.467 GC heap before
{Heap before GC invocations=16 (full 3):
 PSYoungGen      total 89600K, used 89589K [0x00000000f5580000, 0x00000000fce00000, 0x0000000100000000)
  eden space 66560K, 100% used [0x00000000f5580000,0x00000000f9680000,0x00000000f9680000)
  from space 23040K, 99% used [0x00000000fb100000,0x00000000fc77d680,0x00000000fc780000)
  to   space 27136K, 0% used [0x00000000f9680000,0x00000000f9680000,0x00000000fb100000)
 ParOldGen       total 121344K, used 46134K [0x00000000e0000000, 0x00000000e7680000, 0x00000000f5580000)
  object space 121344K, 38% used [0x00000000e0000000,0x00000000e2d0dbb0,0x00000000e7680000)
 Metaspace       used 81621K, capacity 88992K, committed 89240K, reserved 1126400K
  class space    used 10041K, capacity 12341K, committed 12464K, reserved 1048576K
Event: 51.478 GC heap after
Heap after GC invocations=16 (full 3):
 PSYoungGen      total 93696K, used 24820K [0x00000000f5580000, 0x00000000fd700000, 0x0000000100000000)
  eden space 66560K, 0% used [0x00000000f5580000,0x00000000f5580000,0x00000000f9680000)
  from space 27136K, 91% used [0x00000000f9680000,0x00000000faebd038,0x00000000fb100000)
  to   space 30208K, 0% used [0x00000000fb980000,0x00000000fb980000,0x00000000fd700000)
 ParOldGen       total 121344K, used 46142K [0x00000000e0000000, 0x00000000e7680000, 0x00000000f5580000)
  object space 121344K, 38% used [0x00000000e0000000,0x00000000e2d0fbb0,0x00000000e7680000)
 Metaspace       used 81621K, capacity 88992K, committed 89240K, reserved 1126400K
  class space    used 10041K, capacity 12341K, committed 12464K, reserved 1048576K
}
Event: 93.757 GC heap before
{Heap before GC invocations=17 (full 3):
 PSYoungGen      total 93696K, used 91380K [0x00000000f5580000, 0x00000000fd700000, 0x0000000100000000)
  eden space 66560K, 100% used [0x00000000f5580000,0x00000000f9680000,0x00000000f9680000)
  from space 27136K, 91% used [0x00000000f9680000,0x00000000faebd038,0x00000000fb100000)
  to   space 30208K, 0% used [0x00000000fb980000,0x00000000fb980000,0x00000000fd700000)
 ParOldGen       total 121344K, used 46142K [0x00000000e0000000, 0x00000000e7680000, 0x00000000f5580000)
  object space 121344K, 38% used [0x00000000e0000000,0x00000000e2d0fbb0,0x00000000e7680000)
 Metaspace       used 83489K, capacity 90720K, committed 90904K, reserved 1128448K
  class space    used 10197K, capacity 12509K, committed 12592K, reserved 1048576K
Event: 93.768 GC heap after
Heap after GC invocations=17 (full 3):
 PSYoungGen      total 99840K, used 25029K [0x00000000f5580000, 0x00000000fdb00000, 0x0000000100000000)
  eden space 69632K, 0% used [0x00000000f5580000,0x00000000f5580000,0x00000000f9980000)
  from space 30208K, 82% used [0x00000000fb980000,0x00000000fd1f1428,0x00000000fd700000)
  to   space 32768K, 0% used [0x00000000f9980000,0x00000000f9980000,0x00000000fb980000)
 ParOldGen       total 121344K, used 46150K [0x00000000e0000000, 0x00000000e7680000, 0x00000000f5580000)
  object space 121344K, 38% used [0x00000000e0000000,0x00000000e2d11bb0,0x00000000e7680000)
 Metaspace       used 83489K, capacity 90720K, committed 90904K, reserved 1128448K
  class space    used 10197K, capacity 12509K, committed 12592K, reserved 1048576K
}
Event: 136.495 GC heap before
{Heap before GC invocations=18 (full 3):
 PSYoungGen      total 99840K, used 94661K [0x00000000f5580000, 0x00000000fdb00000, 0x0000000100000000)
  eden space 69632K, 100% used [0x00000000f5580000,0x00000000f9980000,0x00000000f9980000)
  from space 30208K, 82% used [0x00000000fb980000,0x00000000fd1f1428,0x00000000fd700000)
  to   space 32768K, 0% used [0x00000000f9980000,0x00000000f9980000,0x00000000fb980000)
 ParOldGen       total 121344K, used 46150K [0x00000000e0000000, 0x00000000e7680000, 0x00000000f5580000)
  object space 121344K, 38% used [0x00000000e0000000,0x00000000e2d11bb0,0x00000000e7680000)
 Metaspace       used 83985K, capacity 91340K, committed 91672K, reserved 1128448K
  class space    used 10221K, capacity 12543K, committed 12592K, reserved 1048576K
Event: 136.506 GC heap after
Heap after GC invocations=18 (full 3):
 PSYoungGen      total 102400K, used 25879K [0x00000000f5580000, 0x00000000fe100000, 0x0000000100000000)
  eden space 69632K, 0% used [0x00000000f5580000,0x00000000f5580000,0x00000000f9980000)
  from space 32768K, 78% used [0x00000000f9980000,0x00000000fb2c5cd0,0x00000000fb980000)
  to   space 34816K, 0% used [0x00000000fbf00000,0x00000000fbf00000,0x00000000fe100000)
 ParOldGen       total 121344K, used 46158K [0x00000000e0000000, 0x00000000e7680000, 0x00000000f5580000)
  object space 121344K, 38% used [0x00000000e0000000,0x00000000e2d13bb0,0x00000000e7680000)
 Metaspace       used 83985K, capacity 91340K, committed 91672K, reserved 1128448K
  class space    used 10221K, capacity 12543K, committed 12592K, reserved 1048576K
}
Event: 324.799 GC heap before
{Heap before GC invocations=19 (full 3):
 PSYoungGen      total 102400K, used 95511K [0x00000000f5580000, 0x00000000fe100000, 0x0000000100000000)
  eden space 69632K, 100% used [0x00000000f5580000,0x00000000f9980000,0x00000000f9980000)
  from space 32768K, 78% used [0x00000000f9980000,0x00000000fb2c5cd0,0x00000000fb980000)
  to   space 34816K, 0% used [0x00000000fbf00000,0x00000000fbf00000,0x00000000fe100000)
 ParOldGen       total 121344K, used 46158K [0x00000000e0000000, 0x00000000e7680000, 0x00000000f5580000)
  object space 121344K, 38% used [0x00000000e0000000,0x00000000e2d13bb0,0x00000000e7680000)
 Metaspace       used 85890K, capacity 93426K, committed 93720K, reserved 1130496K
  class space    used 10484K, capacity 12837K, committed 12848K, reserved 1048576K
Event: 324.813 GC heap after
Heap after GC invocations=19 (full 3):
 PSYoungGen      total 102912K, used 28058K [0x00000000f5580000, 0x00000000fe100000, 0x0000000100000000)
  eden space 68096K, 0% used [0x00000000f5580000,0x00000000f5580000,0x00000000f9800000)
  from space 34816K, 80% used [0x00000000fbf00000,0x00000000fda66978,0x00000000fe100000)
  to   space 37376K, 0% used [0x00000000f9800000,0x00000000f9800000,0x00000000fbc80000)
 ParOldGen       total 121344K, used 46166K [0x00000000e0000000, 0x00000000e7680000, 0x00000000f5580000)
  object space 121344K, 38% used [0x00000000e0000000,0x00000000e2d15bb0,0x00000000e7680000)
 Metaspace       used 85890K, capacity 93426K, committed 93720K, reserved 1130496K
  class space    used 10484K, capacity 12837K, committed 12848K, reserved 1048576K
}
Event: 529.768 GC heap before
{Heap before GC invocations=20 (full 3):
 PSYoungGen      total 102912K, used 96154K [0x00000000f5580000, 0x00000000fe100000, 0x0000000100000000)
  eden space 68096K, 100% used [0x00000000f5580000,0x00000000f9800000,0x00000000f9800000)
  from space 34816K, 80% used [0x00000000fbf00000,0x00000000fda66978,0x00000000fe100000)
  to   space 37376K, 0% used [0x00000000f9800000,0x00000000f9800000,0x00000000fbc80000)
 ParOldGen       total 121344K, used 46166K [0x00000000e0000000, 0x00000000e7680000, 0x00000000f5580000)
  object space 121344K, 38% used [0x00000000e0000000,0x00000000e2d15bb0,0x00000000e7680000)
 Metaspace       used 86588K, capacity 93982K, committed 94104K, reserved 1130496K
  class space    used 10543K, capacity 12935K, committed 12976K, reserved 1048576K
Event: 529.779 GC heap after
Heap after GC invocations=20 (full 3):
 PSYoungGen      total 88576K, used 21509K [0x00000000f5580000, 0x00000000fde80000, 0x0000000100000000)
  eden space 66560K, 0% used [0x00000000f5580000,0x00000000f5580000,0x00000000f9680000)
  from space 22016K, 97% used [0x00000000f9800000,0x00000000fad01600,0x00000000fad80000)
  to   space 36864K, 0% used [0x00000000fba80000,0x00000000fba80000,0x00000000fde80000)
 ParOldGen       total 121344K, used 46174K [0x00000000e0000000, 0x00000000e7680000, 0x00000000f5580000)
  object space 121344K, 38% used [0x00000000e0000000,0x00000000e2d17bb0,0x00000000e7680000)
 Metaspace       used 86588K, capacity 93982K, committed 94104K, reserved 1130496K
  class space    used 10543K, capacity 12935K, committed 12976K, reserved 1048576K
}

